Started by user [8mha:////4ImEjedV9jqvwop2fCzIvfii1oLu3fdkiJRA296EHC/WAAAAnx+LCAAAAAAAAP9b85aBtbiIQTGjNKU4P08vOT+vOD8nVc83PyU1x6OyILUoJzMv2y+/JJUBAhiZGBgqihhk0NSjKDWzXb3RdlLBUSYGJk8GtpzUvPSSDB8G5tKinBIGIZ+sxLJE/ZzEvHT94JKizLx0a6BxUmjGOUNodHsLgAzWEgZh/dLi1CL9rNS87My84vjElNzMPACQwAIOyAAAAA==[0mEfrat
[Fri Jun 14 10:40:43 GMT 2019] Starting branch indexing...
[8mha:////4AabWkF+opGOFs5Bu3Jlezpx0gK7R/RU+FaJiHJPmu6hAAAAhB+LCAAAAAAAAP9b85aBtbiIwSa/KF0vKzUvOzOvODlTryCnNB3I0kvPLMkoTYpPKkrMS86IL84vLUpO1XPPLPEoTXLOzyvOz0n1yy9JZYAARiYGRi8GzpLM3NTiksTcgooiBqmM0pTi/Dy9ZIhiPayaGCoKgHR26GSXXQB5TO5zjgAAAA==[0mConnecting to https://api.github.com using jenkins_admin/****** (GitHub Access Token)
Examining [8mha:////4P7+0isc+PsnSVjxot/3UQXXIXhih7Z+nDnSAtVyUYmMAAAAux+LCAAAAAAAAP9djEEOwUAUhp8KB7AUR9BObCRIYyESksbGCab1zIxOZyYzr9Q1XIONQziOO6jY+Tb/t/m/xxt6wcNI1odgTVJYE6zGZHN16LUy5c4STtP7M725VwTRFvoajSCZQbf2mmCQnfiZM82NYHvyyohF42H4l1v99huDH50IoHGtjAmWksiFOWNCkazz9lWx9dFzmsxYIb2tMMaG0ARlTXzB3PGijHOrNHqnOeEH8K+zrMQAAAA=[0mEfrat19/chrome-extension-webpack-boilerplate

  Checking branches...

  Getting remote branches...

    Checking branch [8mha:////4Cc1SQRlCXyw/QdLFzzGLBSIAicPYpPxJliVjKU7GnuuAAAAwB+LCAAAAAAAAP9djEEOwUAUhp8KB7AUV2gnNhKkK5EQjY0TTOvpjE5nJm9eqWu4BhuHcBx3QOx8m//b/N/9Bb1AMFLNPjibFM4GZzBZXTyS0bbaOsZJenukV/+MIFpD36AtWWXQbcgwDLKjPElhpC3Fjknbct4SDP9yi99+Y/CjEwG0/iN9ho1i9mEmRKlZNfnnVYvlgSSPp6JQ5GqMsWW0QTsbnzH3sqji3GmD5I1kFEyIopaBkd5h0n720AAAAA==[0mmaster
      ‘Jenkinsfile’ not found
    Does not meet criteria

    Checking branch [8mha:////4GaOFS3t6AmiPLB8zaWQzbxG3hzXqx016XpMrRNulBa5AAAAzR+LCAAAAAAAAP9djjFuwkAQRSdGoUaUKFewRzRIgFyhSIlkpYk4wNoZexevd1ez48S5BtcgDYfgOLlDjNzlN/837+n//MJjZHjS/Uf0Lqu8i95S9vIdiK1x7ZsX2uSXa34OtwSSV5hbco3oAmY9W4FlcVKfCq1yDb4LG9fsB4bVP91h6rsMpjwkAEMYx0LgqEVC3CE2RnRfjlSHzzUrWW+x0uw7SmkQctF4l35RGVTVpqU3ljhYJYTCRFiTkp4Jgwk0Pqc/47tI/NoAAAA=[0mfeature/pipeline
      ‘Jenkinsfile’ found
    Met criteria
Scheduled build for branch: feature/pipeline

    Checking branch [8mha:////4PM+YPoRFZ8xNq/jmZ6qjlWcC6wdYwSGyLe5vr4d+z6PAAAAvx+LCAAAAAAAAP9djEEOATEUhp8RDmAprjAaGwkyK5EgYuMEnfG0NZ22eX3DuIZrsHEIx3EHxM63+b/N/91f0IkEA13vo3fDwrvoLQ6Xl4BkjSu3nnGc3R7ZNTwTSFbQtegU6w20a7IMvc1RnqSw0imxYzJOzRqC/l9u/ttvDH60EoAmfKTDsNbMIU6FUIZ1nX9elVgcSPJoIgpNvsIUG0YXjXfpGfMgizLNvbFIwUpGwYQoCGXBb0z1F/TPAAAA[0mreact
      ‘Jenkinsfile’ not found
    Does not meet criteria

  3 branches were processed

  Checking pull-requests...

  Getting remote pull requests...

  0 pull requests were processed

Finished examining Efrat19/chrome-extension-webpack-boilerplate

[Fri Jun 14 10:40:47 GMT 2019] Finished branch indexing. Indexing took 4.1 sec
Finished: SUCCESS
